Determining if the pthread_create exist failed with the following output:
Change Dir: /tmp/guest-jOwJf2/PGtemplate/CMakeFiles/CMakeTmp

Run Build Command:"/usr/bin/make" "cmTryCompileExec1533070122/fast"
/usr/bin/make -f CMakeFiles/cmTryCompileExec1533070122.dir/build.make CMakeFiles/cmTryCompileExec1533070122.dir/build
make[1]: Entering directory '/tmp/guest-jOwJf2/PGtemplate/CMakeFiles/CMakeTmp'
/usr/bin/cmake -E cmake_progress_report /tmp/guest-jOwJf2/PGtemplate/CMakeFiles/CMakeTmp/CMakeFiles 1
Building C object CMakeFiles/cmTryCompileExec1533070122.dir/CheckSymbolExists.c.o
/usr/bin/cc    -o CMakeFiles/cmTryCompileExec1533070122.dir/CheckSymbolExists.c.o   -c /tmp/guest-jOwJf2/PGtemplate/CMakeFiles/CMakeTmp/CheckSymbolExists.c
Linking C executable cmTryCompileExec1533070122
/usr/bin/cmake -E cmake_link_script CMakeFiles/cmTryCompileExec1533070122.dir/link.txt --verbose=1
/usr/bin/cc       CMakeFiles/cmTryCompileExec1533070122.dir/CheckSymbolExists.c.o  -o cmTryCompileExec1533070122 -rdynamic 
CMakeFiles/cmTryCompileExec1533070122.dir/CheckSymbolExists.c.o: In function `main':
CheckSymbolExists.c:(.text+0x16): undefined reference to `pthread_create'
collect2: error: ld returned 1 exit status
CMakeFiles/cmTryCompileExec1533070122.dir/build.make:88: recipe for target 'cmTryCompileExec1533070122' failed
make[1]: *** [cmTryCompileExec1533070122] Error 1
make[1]: Leaving directory '/tmp/guest-jOwJf2/PGtemplate/CMakeFiles/CMakeTmp'
Makefile:117: recipe for target 'cmTryCompileExec1533070122/fast' failed
make: *** [cmTryCompileExec1533070122/fast] Error 2

File /tmp/guest-jOwJf2/PGtemplate/CMakeFiles/CMakeTmp/CheckSymbolExists.c:
/* */
#include <pthread.h>

int main(int argc, char** argv)
{
  (void)argv;
#ifndef pthread_create
  return ((int*)(&pthread_create))[argc];
#else
  (void)argc;
  return 0;
#endif
}

Determining if the function pthread_create exists in the pthreads failed with the following output:
Change Dir: /tmp/guest-jOwJf2/PGtemplate/CMakeFiles/CMakeTmp

Run Build Command:"/usr/bin/make" "cmTryCompileExec1983786551/fast"
/usr/bin/make -f CMakeFiles/cmTryCompileExec1983786551.dir/build.make CMakeFiles/cmTryCompileExec1983786551.dir/build
make[1]: Entering directory '/tmp/guest-jOwJf2/PGtemplate/CMakeFiles/CMakeTmp'
/usr/bin/cmake -E cmake_progress_report /tmp/guest-jOwJf2/PGtemplate/CMakeFiles/CMakeTmp/CMakeFiles 1
Building C object CMakeFiles/cmTryCompileExec1983786551.dir/CheckFunctionExists.c.o
/usr/bin/cc   -DCHECK_FUNCTION_EXISTS=pthread_create   -o CMakeFiles/cmTryCompileExec1983786551.dir/CheckFunctionExists.c.o   -c /usr/share/cmake-3.2/Modules/CheckFunctionExists.c
Linking C executable cmTryCompileExec1983786551
/usr/bin/cmake -E cmake_link_script CMakeFiles/cmTryCompileExec1983786551.dir/link.txt --verbose=1
/usr/bin/cc   -DCHECK_FUNCTION_EXISTS=pthread_create    CMakeFiles/cmTryCompileExec1983786551.dir/CheckFunctionExists.c.o  -o cmTryCompileExec1983786551 -rdynamic -lpthreads 
/usr/bin/ld: cannot find -lpthreads
collect2: error: ld returned 1 exit status
CMakeFiles/cmTryCompileExec1983786551.dir/build.make:88: recipe for target 'cmTryCompileExec1983786551' failed
make[1]: *** [cmTryCompileExec1983786551] Error 1
make[1]: Leaving directory '/tmp/guest-jOwJf2/PGtemplate/CMakeFiles/CMakeTmp'
Makefile:117: recipe for target 'cmTryCompileExec1983786551/fast' failed
make: *** [cmTryCompileExec1983786551/fast] Error 2


